[0.450s] Invoking command in '/ros2_docker/ros2_ws/src/py_pubsub': PYTHONPATH=/ros2_docker/ros2_ws/build/py_pubsub/prefix_override:/usr/lib/python3/dist-packages/colcon_core/task/python/colcon_distutils_commands:/ros2_docker/ros2_ws/install/py_pubsub/lib/python3.10/site-packages:${PYTHONPATH} /usr/bin/python3 -W ignore:setup.py install is deprecated setup.py egg_info --egg-base ../../build/py_pubsub build --build-base /ros2_docker/ros2_ws/build/py_pubsub/build install --record /ros2_docker/ros2_ws/build/py_pubsub/install.log --single-version-externally-managed install_data
[0.574s] running egg_info
[0.574s] creating ../../build/py_pubsub/py_pubsub.egg-info
[0.574s] writing ../../build/py_pubsub/py_pubsub.egg-info/PKG-INFO
[0.574s] writing dependency_links to ../../build/py_pubsub/py_pubsub.egg-info/dependency_links.txt
[0.574s] writing entry points to ../../build/py_pubsub/py_pubsub.egg-info/entry_points.txt
[0.574s] writing requirements to ../../build/py_pubsub/py_pubsub.egg-info/requires.txt
[0.574s] writing top-level names to ../../build/py_pubsub/py_pubsub.egg-info/top_level.txt
[0.574s] writing manifest file '../../build/py_pubsub/py_pubsub.egg-info/SOURCES.txt'
[0.575s] reading manifest file '../../build/py_pubsub/py_pubsub.egg-info/SOURCES.txt'
[0.575s] writing manifest file '../../build/py_pubsub/py_pubsub.egg-info/SOURCES.txt'
[0.576s] running build
[0.576s] running build_py
[0.576s] creating /ros2_docker/ros2_ws/build/py_pubsub/build
[0.576s] creating /ros2_docker/ros2_ws/build/py_pubsub/build/lib
[0.576s] creating /ros2_docker/ros2_ws/build/py_pubsub/build/lib/py_pubsub
[0.576s] copying py_pubsub/__init__.py -> /ros2_docker/ros2_ws/build/py_pubsub/build/lib/py_pubsub
[0.576s] copying py_pubsub/subscriber_member_function.py -> /ros2_docker/ros2_ws/build/py_pubsub/build/lib/py_pubsub
[0.576s] copying py_pubsub/publisher_member_function.py -> /ros2_docker/ros2_ws/build/py_pubsub/build/lib/py_pubsub
[0.576s] running install
[0.577s] running install_lib
[0.577s] creating /ros2_docker/ros2_ws/install/py_pubsub/lib/python3.10/site-packages/py_pubsub
[0.577s] copying /ros2_docker/ros2_ws/build/py_pubsub/build/lib/py_pubsub/__init__.py -> /ros2_docker/ros2_ws/install/py_pubsub/lib/python3.10/site-packages/py_pubsub
[0.577s] copying /ros2_docker/ros2_ws/build/py_pubsub/build/lib/py_pubsub/subscriber_member_function.py -> /ros2_docker/ros2_ws/install/py_pubsub/lib/python3.10/site-packages/py_pubsub
[0.577s] copying /ros2_docker/ros2_ws/build/py_pubsub/build/lib/py_pubsub/publisher_member_function.py -> /ros2_docker/ros2_ws/install/py_pubsub/lib/python3.10/site-packages/py_pubsub
[0.577s] byte-compiling /ros2_docker/ros2_ws/install/py_pubsub/lib/python3.10/site-packages/py_pubsub/__init__.py to __init__.cpython-310.pyc
[0.577s] byte-compiling /ros2_docker/ros2_ws/install/py_pubsub/lib/python3.10/site-packages/py_pubsub/subscriber_member_function.py to subscriber_member_function.cpython-310.pyc
[0.577s] byte-compiling /ros2_docker/ros2_ws/install/py_pubsub/lib/python3.10/site-packages/py_pubsub/publisher_member_function.py to publisher_member_function.cpython-310.pyc
[0.578s] running install_data
[0.578s] creating /ros2_docker/ros2_ws/install/py_pubsub/share/ament_index
[0.578s] creating /ros2_docker/ros2_ws/install/py_pubsub/share/ament_index/resource_index
[0.578s] creating /ros2_docker/ros2_ws/install/py_pubsub/share/ament_index/resource_index/packages
[0.578s] copying resource/py_pubsub -> /ros2_docker/ros2_ws/install/py_pubsub/share/ament_index/resource_index/packages
[0.578s] copying package.xml -> /ros2_docker/ros2_ws/install/py_pubsub/share/py_pubsub
[0.578s] running install_egg_info
[0.578s] Copying ../../build/py_pubsub/py_pubsub.egg-info to /ros2_docker/ros2_ws/install/py_pubsub/lib/python3.10/site-packages/py_pubsub-0.0.0-py3.10.egg-info
[0.578s] running install_scripts
[0.591s] Installing listener script to /ros2_docker/ros2_ws/install/py_pubsub/lib/py_pubsub
[0.591s] Installing talker script to /ros2_docker/ros2_ws/install/py_pubsub/lib/py_pubsub
[0.591s] writing list of installed files to '/ros2_docker/ros2_ws/build/py_pubsub/install.log'
[0.612s] Invoked command in '/ros2_docker/ros2_ws/src/py_pubsub' returned '0': PYTHONPATH=/ros2_docker/ros2_ws/build/py_pubsub/prefix_override:/usr/lib/python3/dist-packages/colcon_core/task/python/colcon_distutils_commands:/ros2_docker/ros2_ws/install/py_pubsub/lib/python3.10/site-packages:${PYTHONPATH} /usr/bin/python3 -W ignore:setup.py install is deprecated setup.py egg_info --egg-base ../../build/py_pubsub build --build-base /ros2_docker/ros2_ws/build/py_pubsub/build install --record /ros2_docker/ros2_ws/build/py_pubsub/install.log --single-version-externally-managed install_data
