[0.458s] Invoking command in '/ros2_docker/ros2_ws/src/my_pkg': PYTHONPATH=/ros2_docker/ros2_ws/build/my_pkg/prefix_override:/usr/lib/python3/dist-packages/colcon_core/task/python/colcon_distutils_commands:/ros2_docker/ros2_ws/install/my_pkg/lib/python3.10/site-packages:${PYTHONPATH} /usr/bin/python3 -W ignore:setup.py install is deprecated setup.py egg_info --egg-base ../../build/my_pkg build --build-base /ros2_docker/ros2_ws/build/my_pkg/build install --record /ros2_docker/ros2_ws/build/my_pkg/install.log --single-version-externally-managed install_data
[0.577s] running egg_info
[0.577s] creating ../../build/my_pkg/my_pkg.egg-info
[0.578s] writing ../../build/my_pkg/my_pkg.egg-info/PKG-INFO
[0.578s] writing dependency_links to ../../build/my_pkg/my_pkg.egg-info/dependency_links.txt
[0.578s] writing entry points to ../../build/my_pkg/my_pkg.egg-info/entry_points.txt
[0.578s] writing requirements to ../../build/my_pkg/my_pkg.egg-info/requires.txt
[0.578s] writing top-level names to ../../build/my_pkg/my_pkg.egg-info/top_level.txt
[0.578s] writing manifest file '../../build/my_pkg/my_pkg.egg-info/SOURCES.txt'
[0.579s] reading manifest file '../../build/my_pkg/my_pkg.egg-info/SOURCES.txt'
[0.579s] writing manifest file '../../build/my_pkg/my_pkg.egg-info/SOURCES.txt'
[0.579s] running build
[0.580s] running build_py
[0.580s] creating /ros2_docker/ros2_ws/build/my_pkg/build
[0.580s] creating /ros2_docker/ros2_ws/build/my_pkg/build/lib
[0.580s] creating /ros2_docker/ros2_ws/build/my_pkg/build/lib/my_pkg
[0.580s] copying my_pkg/__init__.py -> /ros2_docker/ros2_ws/build/my_pkg/build/lib/my_pkg
[0.580s] running install
[0.580s] running install_lib
[0.581s] creating /ros2_docker/ros2_ws/install/my_pkg/lib/python3.10/site-packages/my_pkg
[0.581s] copying /ros2_docker/ros2_ws/build/my_pkg/build/lib/my_pkg/__init__.py -> /ros2_docker/ros2_ws/install/my_pkg/lib/python3.10/site-packages/my_pkg
[0.581s] byte-compiling /ros2_docker/ros2_ws/install/my_pkg/lib/python3.10/site-packages/my_pkg/__init__.py to __init__.cpython-310.pyc
[0.581s] running install_data
[0.581s] creating /ros2_docker/ros2_ws/install/my_pkg/share/ament_index
[0.581s] creating /ros2_docker/ros2_ws/install/my_pkg/share/ament_index/resource_index
[0.582s] creating /ros2_docker/ros2_ws/install/my_pkg/share/ament_index/resource_index/packages
[0.582s] copying resource/my_pkg -> /ros2_docker/ros2_ws/install/my_pkg/share/ament_index/resource_index/packages
[0.582s] copying package.xml -> /ros2_docker/ros2_ws/install/my_pkg/share/my_pkg
[0.582s] running install_egg_info
[0.582s] Copying ../../build/my_pkg/my_pkg.egg-info to /ros2_docker/ros2_ws/install/my_pkg/lib/python3.10/site-packages/my_pkg-0.0.0-py3.10.egg-info
[0.583s] running install_scripts
[0.595s] writing list of installed files to '/ros2_docker/ros2_ws/build/my_pkg/install.log'
[0.610s] Invoked command in '/ros2_docker/ros2_ws/src/my_pkg' returned '0': PYTHONPATH=/ros2_docker/ros2_ws/build/my_pkg/prefix_override:/usr/lib/python3/dist-packages/colcon_core/task/python/colcon_distutils_commands:/ros2_docker/ros2_ws/install/my_pkg/lib/python3.10/site-packages:${PYTHONPATH} /usr/bin/python3 -W ignore:setup.py install is deprecated setup.py egg_info --egg-base ../../build/my_pkg build --build-base /ros2_docker/ros2_ws/build/my_pkg/build install --record /ros2_docker/ros2_ws/build/my_pkg/install.log --single-version-externally-managed install_data
